0 info it worked if it ends with ok
1 verbose cli [ '/usr/bin/node',
1 verbose cli   '/usr/bin/npm',
1 verbose cli   'install',
1 verbose cli   '--save-dev',
1 verbose cli   'gulp-coffeelin' ]
2 info using npm@1.4.28
3 info using node@v0.10.40
4 verbose node symlink /usr/bin/node
5 warn package.json coffe@0.0.0 No repository field.
6 warn package.json coffe@0.0.0 No README data
7 verbose readDependencies using package.json deps
8 verbose cache add [ 'gulp-coffeelin', null ]
9 verbose cache add name=undefined spec="gulp-coffeelin" args=["gulp-coffeelin",null]
10 verbose parsed url { protocol: null,
10 verbose parsed url   slashes: null,
10 verbose parsed url   auth: null,
10 verbose parsed url   host: null,
10 verbose parsed url   port: null,
10 verbose parsed url   hostname: null,
10 verbose parsed url   hash: null,
10 verbose parsed url   search: null,
10 verbose parsed url   query: null,
10 verbose parsed url   pathname: 'gulp-coffeelin',
10 verbose parsed url   path: 'gulp-coffeelin',
10 verbose parsed url   href: 'gulp-coffeelin' }
11 silly lockFile 5b8276a6-gulp-coffeelin gulp-coffeelin
12 verbose lock gulp-coffeelin /home/maxim/.npm/5b8276a6-gulp-coffeelin.lock
13 silly lockFile 5b8276a6-gulp-coffeelin gulp-coffeelin
14 silly lockFile 5b8276a6-gulp-coffeelin gulp-coffeelin
15 verbose addNamed [ 'gulp-coffeelin', '' ]
16 verbose addNamed [ null, '*' ]
17 silly lockFile 892b941f-gulp-coffeelin gulp-coffeelin@
18 verbose lock gulp-coffeelin@ /home/maxim/.npm/892b941f-gulp-coffeelin.lock
19 silly addNameRange { name: 'gulp-coffeelin', range: '*', hasData: false }
20 verbose request where is /gulp-coffeelin
21 verbose request registry https://registry.npmjs.org/
22 verbose request id f48ca40588eb6a97
23 verbose url raw /gulp-coffeelin
24 verbose url resolving [ 'https://registry.npmjs.org/', './gulp-coffeelin' ]
25 verbose url resolved https://registry.npmjs.org/gulp-coffeelin
26 verbose request where is https://registry.npmjs.org/gulp-coffeelin
27 info trying registry request attempt 1 at 22:13:20
28 http GET https://registry.npmjs.org/gulp-coffeelin
29 http 404 https://registry.npmjs.org/gulp-coffeelin
30 silly registry.get cb [ 404,
30 silly registry.get   { 'content-type': 'application/json',
30 silly registry.get     'cache-control': 'max-age=0',
30 silly registry.get     'content-length': '2',
30 silly registry.get     'accept-ranges': 'bytes',
30 silly registry.get     date: 'Thu, 24 Dec 2015 20:13:21 GMT',
30 silly registry.get     via: '1.1 varnish',
30 silly registry.get     age: '0',
30 silly registry.get     connection: 'keep-alive',
30 silly registry.get     'x-served-by': 'cache-fra1246-FRA',
30 silly registry.get     'x-cache': 'MISS',
30 silly registry.get     'x-cache-hits': '0',
30 silly registry.get     'x-timer': 'S1450988001.438750,VS0,VE428' } ]
31 silly lockFile 892b941f-gulp-coffeelin gulp-coffeelin@
32 silly lockFile 892b941f-gulp-coffeelin gulp-coffeelin@
33 error 404 Not Found
33 error 404
33 error 404 'gulp-coffeelin' is not in the npm registry.
33 error 404 You should bug the author to publish it
33 error 404 It was specified as a dependency of 'coffe'
33 error 404
33 error 404 Note that you can also install from a
33 error 404 tarball, folder, or http url, or git url.
34 error System Linux 3.5.0-23-generic
35 error command "/usr/bin/node" "/usr/bin/npm" "install" "--save-dev" "gulp-coffeelin"
36 error cwd /home/maxim/www/coffe
37 error node -v v0.10.40
38 error npm -v 1.4.28
39 error code E404
40 verbose exit [ 1, true ]
